Build started 24-May-15 2:00:23 PM.
     1>Project "C:\Users\mafoti\Documents\Visual Studio 2013\Projects\trunk gridlab-d-code\market\market.vcxproj" on node 2 (Rebuild target(s)).
     1>ClCompile:
         C:\Program Files (x86)\Microsoft Visual Studio 12.0\VC\bin\CL.exe /c /I"C:\Users\mafoti\Documents\dlib-18.14" /IC:\Users\mafoti\Documents\boost_1_46_1 /I..\core /Zi /nologo /W3 /WX- /O2 /Oy- /GL /D WIN32 /D NDEBUG /D _WINDOWS /D _USRDLL /D _CRT_SECURE_NO_DEPRECATE /D _NO_CPPUNIT /D _WINDLL /D _MBCS /Gm- /EHsc /MT /GS /fp:precise /Zc:wchar_t /Zc:forScope /Fo"Win32\Release\market\\" /Fd"Win32\Release\market\vc120.pdb" /Gd /TP /analyze- /errorReport:prompt "..\..\..\..\dlib-18.14\dlib\all\source.cpp" auction.cpp bid.cpp controller.cpp curve.cpp double_controller.cpp generator_controller.cpp init.cpp main.cpp passive_controller.cpp predict.cpp stubauction.cpp stub_bidder.cpp trainer.cpp
         source.cpp
         auction.cpp
     1>C:\Program Files (x86)\Microsoft Visual Studio 12.0\VC\include\math.h(102): warning C4005: 'INFINITY' : macro redefinition
                 c:\users\mafoti\documents\visual studio 2013\projects\trunk gridlab-d-code\core\platform.h(46) : see previous definition of 'INFINITY'
     1>auction.cpp(252): warning C4554: '&' : check operator precedence for possible error; use parentheses to clarify precedence
         bid.cpp
     1>C:\Program Files (x86)\Microsoft Visual Studio 12.0\VC\include\math.h(102): warning C4005: 'INFINITY' : macro redefinition
                 c:\users\mafoti\documents\visual studio 2013\projects\trunk gridlab-d-code\core\platform.h(46) : see previous definition of 'INFINITY'
         controller.cpp
     1>C:\Program Files (x86)\Microsoft Visual Studio 12.0\VC\include\math.h(102): warning C4005: 'INFINITY' : macro redefinition
                 c:\users\mafoti\documents\visual studio 2013\projects\trunk gridlab-d-code\core\platform.h(46) : see previous definition of 'INFINITY'
         curve.cpp
     1>C:\Program Files (x86)\Microsoft Visual Studio 12.0\VC\include\math.h(102): warning C4005: 'INFINITY' : macro redefinition
                 c:\users\mafoti\documents\visual studio 2013\projects\trunk gridlab-d-code\core\platform.h(46) : see previous definition of 'INFINITY'
         double_controller.cpp
     1>C:\Program Files (x86)\Microsoft Visual Studio 12.0\VC\include\math.h(102): warning C4005: 'INFINITY' : macro redefinition
                 c:\users\mafoti\documents\visual studio 2013\projects\trunk gridlab-d-code\core\platform.h(46) : see previous definition of 'INFINITY'
         generator_controller.cpp
     1>C:\Program Files (x86)\Microsoft Visual Studio 12.0\VC\include\math.h(102): warning C4005: 'INFINITY' : macro redefinition
                 c:\users\mafoti\documents\visual studio 2013\projects\trunk gridlab-d-code\core\platform.h(46) : see previous definition of 'INFINITY'
     1>generator_controller.cpp(740): warning C4101: 'bidID_val2' : unreferenced local variable
         init.cpp
     1>c:\users\mafoti\documents\visual studio 2013\projects\trunk gridlab-d-code\core\platform.h(46): warning C4005: 'INFINITY' : macro redefinition
                 C:\Program Files (x86)\Microsoft Visual Studio 12.0\VC\include\math.h(102) : see previous definition of 'INFINITY'
         main.cpp
     1>C:\Program Files (x86)\Microsoft Visual Studio 12.0\VC\include\math.h(102): warning C4005: 'INFINITY' : macro redefinition
                 c:\users\mafoti\documents\visual studio 2013\projects\trunk gridlab-d-code\core\platform.h(46) : see previous definition of 'INFINITY'
         passive_controller.cpp
     1>C:\Program Files (x86)\Microsoft Visual Studio 12.0\VC\include\math.h(102): warning C4005: 'INFINITY' : macro redefinition
                 c:\users\mafoti\documents\visual studio 2013\projects\trunk gridlab-d-code\core\platform.h(46) : see previous definition of 'INFINITY'
         predict.cpp
     1>c:\program files (x86)\mysql\connector.c++ 1.1\include\cppconn\sqlstring.h(39): warning C4251: 'sql::SQLString::realStr' : class 'std::basic_string<char,std::char_traits<char>,std::allocator<char>>' needs to have dll-interface to be used by clients of class 'sql::SQLString'
     1>c:\program files (x86)\mysql\connector.c++ 1.1\include\cppconn\exception.h(61): warning C4251: 'sql::SQLException::sql_state' : class 'std::basic_string<char,std::char_traits<char>,std::allocator<char>>' needs to have dll-interface to be used by clients of class 'sql::SQLException'
     1>c:\program files (x86)\mysql\connector.c++ 1.1\include\cppconn\exception.h(145): warning C4251: 'sql::SQLUnsupportedOptionException::option' : class 'std::basic_string<char,std::char_traits<char>,std::allocator<char>>' needs to have dll-interface to be used by clients of struct 'sql::SQLUnsupportedOptionException'
         Unknown compiler version - please run the configure tests and report the results
     1>C:\Program Files (x86)\MySQL\Connector.C++ 1.1\include\mysql_connection.h(175): warning C4251: 'sql::mysql::MySQL_Connection::proxy' : class 'boost::shared_ptr<sql::mysql::NativeAPI::NativeConnectionWrapper>' needs to have dll-interface to be used by clients of class 'sql::mysql::MySQL_Connection'
     1>C:\Program Files (x86)\MySQL\Connector.C++ 1.1\include\mysql_connection.h(179): warning C4251: 'sql::mysql::MySQL_Connection::service' : class 'boost::scoped_ptr<sql::mysql::MySQL_Statement>' needs to have dll-interface to be used by clients of class 'sql::mysql::MySQL_Connection'
         stubauction.cpp
     1>C:\Program Files (x86)\Microsoft Visual Studio 12.0\VC\include\math.h(102): warning C4005: 'INFINITY' : macro redefinition
                 c:\users\mafoti\documents\visual studio 2013\projects\trunk gridlab-d-code\core\platform.h(46) : see previous definition of 'INFINITY'
         stub_bidder.cpp
     1>C:\Program Files (x86)\Microsoft Visual Studio 12.0\VC\include\math.h(102): warning C4005: 'INFINITY' : macro redefinition
                 c:\users\mafoti\documents\visual studio 2013\projects\trunk gridlab-d-code\core\platform.h(46) : see previous definition of 'INFINITY'
         trainer.cpp
     1>c:\program files (x86)\mysql\connector.c++ 1.1\include\cppconn\sqlstring.h(39): warning C4251: 'sql::SQLString::realStr' : class 'std::basic_string<char,std::char_traits<char>,std::allocator<char>>' needs to have dll-interface to be used by clients of class 'sql::SQLString'
     1>c:\program files (x86)\mysql\connector.c++ 1.1\include\cppconn\exception.h(61): warning C4251: 'sql::SQLException::sql_state' : class 'std::basic_string<char,std::char_traits<char>,std::allocator<char>>' needs to have dll-interface to be used by clients of class 'sql::SQLException'
     1>c:\program files (x86)\mysql\connector.c++ 1.1\include\cppconn\exception.h(145): warning C4251: 'sql::SQLUnsupportedOptionException::option' : class 'std::basic_string<char,std::char_traits<char>,std::allocator<char>>' needs to have dll-interface to be used by clients of struct 'sql::SQLUnsupportedOptionException'
         Unknown compiler version - please run the configure tests and report the results
     1>C:\Program Files (x86)\MySQL\Connector.C++ 1.1\include\mysql_connection.h(175): warning C4251: 'sql::mysql::MySQL_Connection::proxy' : class 'boost::shared_ptr<sql::mysql::NativeAPI::NativeConnectionWrapper>' needs to have dll-interface to be used by clients of class 'sql::mysql::MySQL_Connection'
     1>C:\Program Files (x86)\MySQL\Connector.C++ 1.1\include\mysql_connection.h(179): warning C4251: 'sql::mysql::MySQL_Connection::service' : class 'boost::scoped_ptr<sql::mysql::MySQL_Statement>' needs to have dll-interface to be used by clients of class 'sql::mysql::MySQL_Connection'
     1>trainer.cpp(232): warning C4101: 'respreviousprice' : unreferenced local variable
       Link:
         C:\Program Files (x86)\Microsoft Visual Studio 12.0\VC\bin\link.exe /ERRORREPORT:PROMPT /OUT:"C:\Users\mafoti\Documents\Visual Studio 2013\Projects\trunk gridlab-d-code\market\\..\VS2005\Win32\Release\market.dll" /INCREMENTAL /NOLOGO /LIBPATH:"C:\Program Files (x86)\MySQL\Connector.C++ 1.1\lib\opt" /LIBPATH:C:\Users\mafoti\Documents\boost_1_46_1\libs /LIBPATH:..\VS2005\Win32\Release\ /LIBPATH:"C:\Users\mafoti\Documents\Visual Studio 2013\Projects\trunk gridlab-d-code\market\Win32\Release" mysqlcppconn.lib libmysql.lib /MANIFEST /MANIFESTUAC:"level='asInvoker' uiAccess='false'" /manifest:embed /manifestinput:"C:\Program Files (x86)\Microsoft Visual Studio 12.0\VC\Include\Manifest\dpiaware.manifest" /DEBUG /PDB:"..\VS2005\Win32\Release\market.pdb" /SUBSYSTEM:WINDOWS /OPT:REF /OPT:ICF /LTCG /TLBID:1 /DYNAMICBASE /NXCOMPAT /IMPLIB:"..\VS2005\Win32\Release\market.lib" /MACHINE:X86 /SAFESEH /DLL Win32\Release\market\source.obj
         Win32\Release\market\auction.obj
         Win32\Release\market\bid.obj
         Win32\Release\market\controller.obj
         Win32\Release\market\curve.obj
         Win32\Release\market\double_controller.obj
         Win32\Release\market\generator_controller.obj
         Win32\Release\market\init.obj
         Win32\Release\market\main.obj
         Win32\Release\market\passive_controller.obj
         Win32\Release\market\predict.obj
         Win32\Release\market\stubauction.obj
         Win32\Release\market\stub_bidder.obj
         Win32\Release\market\trainer.obj
     1>LINK : warning LNK4075: ignoring '/INCREMENTAL' due to '/LTCG' specification
            Creating library ..\VS2005\Win32\Release\market.lib and object ..\VS2005\Win32\Release\market.exp
         Generating code
         Finished generating code
         market.vcxproj -> C:\Users\mafoti\Documents\Visual Studio 2013\Projects\trunk gridlab-d-code\market\..\VS2005\Win32\Release\market.dll
     1>Done Building Project "C:\Users\mafoti\Documents\Visual Studio 2013\Projects\trunk gridlab-d-code\market\market.vcxproj" (Rebuild target(s)).

Build succeeded.

Time Elapsed 00:00:26.38
